d:\anul ii\proiect poo\ionescusergiu-marian_41_proiectpoo\debug\vc142.pdb
d:\anul ii\proiect poo\ionescusergiu-marian_41_proiectpoo\debug\vc142.idb
d:\anul ii\proiect poo\ionescusergiu-marian_41_proiectpoo\debug\commandtaker.obj
d:\anul ii\proiect poo\ionescusergiu-marian_41_proiectpoo\debug\commandpanel.obj
d:\anul ii\proiect poo\ionescusergiu-marian_41_proiectpoo\debug\carouselofcakes.obj
d:\anul ii\proiect poo\ionescusergiu-marian_41_proiectpoo\debug\cakerecipe.obj
d:\anul ii\proiect poo\ionescusergiu-marian_41_proiectpoo\debug\cakemaker.obj
d:\anul ii\proiect poo\ionescusergiu-marian_41_proiectpoo\debug\cake.obj
d:\anul ii\proiect poo\ionescusergiu-marian_41_proiectpoo\debug\main.obj
d:\anul ii\proiect poo\ionescusergiu-marian_41_proiectpoo\debug\ionescusergiu-marian_41_proiectpoo.pdb
d:\anul ii\proiect poo\ionescusergiu-marian_41_proiectpoo\debug\ionescus.ce7fa252.tlog\cl.command.1.tlog
d:\anul ii\proiect poo\ionescusergiu-marian_41_proiectpoo\debug\ionescus.ce7fa252.tlog\cl.read.1.tlog
d:\anul ii\proiect poo\ionescusergiu-marian_41_proiectpoo\debug\ionescus.ce7fa252.tlog\cl.write.1.tlog
d:\anul ii\proiect poo\ionescusergiu-marian_41_proiectpoo\debug\ionescus.ce7fa252.tlog\link.17768-cvtres.read.1.tlog
d:\anul ii\proiect poo\ionescusergiu-marian_41_proiectpoo\debug\ionescus.ce7fa252.tlog\link.17768-cvtres.write.1.tlog
d:\anul ii\proiect poo\ionescusergiu-marian_41_proiectpoo\debug\ionescus.ce7fa252.tlog\link.17768-rc.read.1.tlog
d:\anul ii\proiect poo\ionescusergiu-marian_41_proiectpoo\debug\ionescus.ce7fa252.tlog\link.17768-rc.write.1.tlog
d:\anul ii\proiect poo\ionescusergiu-marian_41_proiectpoo\debug\ionescus.ce7fa252.tlog\link.17768.read.1.tlog
d:\anul ii\proiect poo\ionescusergiu-marian_41_proiectpoo\debug\ionescus.ce7fa252.tlog\link.17768.write.1.tlog
d:\anul ii\proiect poo\ionescusergiu-marian_41_proiectpoo\debug\ionescus.ce7fa252.tlog\link.command.1.tlog
d:\anul ii\proiect poo\ionescusergiu-marian_41_proiectpoo\debug\ionescus.ce7fa252.tlog\link.read.1.tlog
d:\anul ii\proiect poo\ionescusergiu-marian_41_proiectpoo\debug\ionescus.ce7fa252.tlog\link.write.1.tlog
